CRITICAL - 2026-03-11 13:04:45 --> CodeIgniter\Exceptions\ConfigException: Invalid DBDriver name: "Postgres"
[Method: POST, Route: welcome/user]
in SYSTEMPATH\Database\Database.php on line 176.
 1 SYSTEMPATH\Database\Database.php(59): CodeIgniter\Database\Database->checkDbExtension('Postgres')
 2 SYSTEMPATH\Database\Config.php(82): CodeIgniter\Database\Database->load([...], 'default')
 3 APPPATH\Controllers\Validation.php(47): CodeIgniter\Database\Config::connect()
 4 SYSTEMPATH\CodeIgniter.php(951): App\Controllers\Validation->index()
 5 SYSTEMPATH\CodeIgniter.php(497): CodeIgniter\CodeIgniter->runController(Object(App\Controllers\Validation))
 6 SYSTEMPATH\CodeIgniter.php(340): CodeIgniter\CodeIgniter->handleRequest(null, Object(Config\Cache), false)
 7 SYSTEMPATH\Boot.php(417): CodeIgniter\CodeIgniter->run()
 8 SYSTEMPATH\Boot.php(68): CodeIgniter\Boot::runCodeIgniter(Object(CodeIgniter\CodeIgniter))
 9 FCPATH\index.php(59): CodeIgniter\Boot::bootWeb(Object(Config\Paths))
10 SYSTEMPATH\rewrite.php(44): require_once('D:\\PHP projects\\Code-on-fire\\public\\index.php')
CRITICAL - 2026-03-11 13:06:19 --> CodeIgniter\Exceptions\CriticalError: The required PHP extension "pgsql" is not loaded. Install and enable it to use "Postgre" driver.
[Method: POST, Route: welcome/user]
in SYSTEMPATH\Database\Database.php on line 186.
 1 SYSTEMPATH\Database\Database.php(59): CodeIgniter\Database\Database->checkDbExtension('Postgre')
 2 SYSTEMPATH\Database\Config.php(82): CodeIgniter\Database\Database->load([...], 'default')
 3 APPPATH\Controllers\Validation.php(47): CodeIgniter\Database\Config::connect()
 4 SYSTEMPATH\CodeIgniter.php(951): App\Controllers\Validation->index()
 5 SYSTEMPATH\CodeIgniter.php(497): CodeIgniter\CodeIgniter->runController(Object(App\Controllers\Validation))
 6 SYSTEMPATH\CodeIgniter.php(340): CodeIgniter\CodeIgniter->handleRequest(null, Object(Config\Cache), false)
 7 SYSTEMPATH\Boot.php(417): CodeIgniter\CodeIgniter->run()
 8 SYSTEMPATH\Boot.php(68): CodeIgniter\Boot::runCodeIgniter(Object(CodeIgniter\CodeIgniter))
 9 FCPATH\index.php(59): CodeIgniter\Boot::bootWeb(Object(Config\Paths))
10 SYSTEMPATH\rewrite.php(44): require_once('D:\\PHP projects\\Code-on-fire\\public\\index.php')
CRITICAL - 2026-03-11 13:07:58 --> CodeIgniter\Exceptions\CriticalError: The required PHP extension "pgsql" is not loaded. Install and enable it to use "Postgre" driver.
[Method: POST, Route: welcome/user]
in SYSTEMPATH\Database\Database.php on line 186.
 1 SYSTEMPATH\Database\Database.php(59): CodeIgniter\Database\Database->checkDbExtension('Postgre')
 2 SYSTEMPATH\Database\Config.php(82): CodeIgniter\Database\Database->load([...], 'default')
 3 APPPATH\Controllers\Validation.php(47): CodeIgniter\Database\Config::connect()
 4 SYSTEMPATH\CodeIgniter.php(951): App\Controllers\Validation->index()
 5 SYSTEMPATH\CodeIgniter.php(497): CodeIgniter\CodeIgniter->runController(Object(App\Controllers\Validation))
 6 SYSTEMPATH\CodeIgniter.php(340): CodeIgniter\CodeIgniter->handleRequest(null, Object(Config\Cache), false)
 7 SYSTEMPATH\Boot.php(417): CodeIgniter\CodeIgniter->run()
 8 SYSTEMPATH\Boot.php(68): CodeIgniter\Boot::runCodeIgniter(Object(CodeIgniter\CodeIgniter))
 9 FCPATH\index.php(59): CodeIgniter\Boot::bootWeb(Object(Config\Paths))
10 SYSTEMPATH\rewrite.php(44): require_once('D:\\PHP projects\\Code-on-fire\\public\\index.php')
CRITICAL - 2026-03-11 13:08:44 --> CodeIgniter\Exceptions\CriticalError: The required PHP extension "pgsql" is not loaded. Install and enable it to use "Postgre" driver.
[Method: POST, Route: welcome/user]
in SYSTEMPATH\Database\Database.php on line 186.
 1 SYSTEMPATH\Database\Database.php(59): CodeIgniter\Database\Database->checkDbExtension('Postgre')
 2 SYSTEMPATH\Database\Config.php(82): CodeIgniter\Database\Database->load([...], 'default')
 3 APPPATH\Controllers\Validation.php(47): CodeIgniter\Database\Config::connect()
 4 SYSTEMPATH\CodeIgniter.php(951): App\Controllers\Validation->index()
 5 SYSTEMPATH\CodeIgniter.php(497): CodeIgniter\CodeIgniter->runController(Object(App\Controllers\Validation))
 6 SYSTEMPATH\CodeIgniter.php(340): CodeIgniter\CodeIgniter->handleRequest(null, Object(Config\Cache), false)
 7 SYSTEMPATH\Boot.php(417): CodeIgniter\CodeIgniter->run()
 8 SYSTEMPATH\Boot.php(68): CodeIgniter\Boot::runCodeIgniter(Object(CodeIgniter\CodeIgniter))
 9 FCPATH\index.php(59): CodeIgniter\Boot::bootWeb(Object(Config\Paths))
10 SYSTEMPATH\rewrite.php(44): require_once('D:\\PHP projects\\Code-on-fire\\public\\index.php')
CRITICAL - 2026-03-11 13:10:36 --> TypeError: Cannot access offset of type string on string
[Method: POST, Route: welcome/user]
in APPPATH\Druid\Utils.php on line 24.
 1 APPPATH\Controllers\Validation.php(49): App\Druid\Utils::getMonthNumber('May')
 2 SYSTEMPATH\CodeIgniter.php(951): App\Controllers\Validation->index()
 3 SYSTEMPATH\CodeIgniter.php(497): CodeIgniter\CodeIgniter->runController(Object(App\Controllers\Validation))
 4 SYSTEMPATH\CodeIgniter.php(340): CodeIgniter\CodeIgniter->handleRequest(null, Object(Config\Cache), false)
 5 SYSTEMPATH\Boot.php(417): CodeIgniter\CodeIgniter->run()
 6 SYSTEMPATH\Boot.php(68): CodeIgniter\Boot::runCodeIgniter(Object(CodeIgniter\CodeIgniter))
 7 FCPATH\index.php(59): CodeIgniter\Boot::bootWeb(Object(Config\Paths))
 8 SYSTEMPATH\rewrite.php(44): require_once('D:\\PHP projects\\Code-on-fire\\public\\index.php')
ERROR - 2026-03-11 13:11:53 --> Error connecting to the database: ErrorException: pg_connect(): Unable to connect to PostgreSQL server: fe_sendauth: no password supplied in D:\PHP projects\Code-on-fire\vendor\codeigniter4\framework\system\Database\Postgre\Connection.php:78
Stack trace:
#0 [internal function]: CodeIgniter\Debug\Exceptions->errorHandler(2, 'pg_connect(): U...', 'D:\\PHP projects...', 78)
#1 D:\PHP projects\Code-on-fire\vendor\codeigniter4\framework\system\Database\Postgre\Connection.php(78): pg_connect('host=localhost ...')
#2 D:\PHP projects\Code-on-fire\vendor\codeigniter4\framework\system\Database\BaseConnection.php(419): CodeIgniter\Database\Postgre\Connection->connect(false)
#3 D:\PHP projects\Code-on-fire\vendor\codeigniter4\framework\system\Database\BaseConnection.php(654): CodeIgniter\Database\BaseConnection->initialize()
#4 D:\PHP projects\Code-on-fire\vendor\codeigniter4\framework\system\Database\BaseBuilder.php(2345): CodeIgniter\Database\BaseConnection->query('INSERT INTO "ap...', Array, false)
#5 D:\PHP projects\Code-on-fire\app\Controllers\Validation.php(61): CodeIgniter\Database\BaseBuilder->insert(Array)
#6 D:\PHP projects\Code-on-fire\vendor\codeigniter4\framework\system\CodeIgniter.php(951): App\Controllers\Validation->index()
#7 D:\PHP projects\Code-on-fire\vendor\codeigniter4\framework\system\CodeIgniter.php(497): CodeIgniter\CodeIgniter->runController(Object(App\Controllers\Validation))
#8 D:\PHP projects\Code-on-fire\vendor\codeigniter4\framework\system\CodeIgniter.php(340): CodeIgniter\CodeIgniter->handleRequest(NULL, Object(Config\Cache), false)
#9 D:\PHP projects\Code-on-fire\vendor\codeigniter4\framework\system\Boot.php(417): CodeIgniter\CodeIgniter->run()
#10 D:\PHP projects\Code-on-fire\vendor\codeigniter4\framework\system\Boot.php(68): CodeIgniter\Boot::runCodeIgniter(Object(CodeIgniter\CodeIgniter))
#11 D:\PHP projects\Code-on-fire\public\index.php(59): CodeIgniter\Boot::bootWeb(Object(Config\Paths))
#12 D:\PHP projects\Code-on-fire\vendor\codeigniter4\framework\system\rewrite.php(44): require_once('D:\\PHP projects...')
#13 {main}
CRITICAL - 2026-03-11 13:11:53 --> CodeIgniter\Database\Exceptions\DatabaseException: Unable to connect to the database.
Main connection [Postgre]: pg_connect(): Unable to connect to PostgreSQL server: fe_sendauth: no password supplied
[Method: POST, Route: welcome/user]
in SYSTEMPATH\Database\BaseConnection.php on line 465.
 1 SYSTEMPATH\Database\BaseConnection.php(654): CodeIgniter\Database\BaseConnection->initialize()
 2 SYSTEMPATH\Database\BaseBuilder.php(2345): CodeIgniter\Database\BaseConnection->query('INSERT INTO "app_user" ("first_name", "last_name", "gender", "date_of_birth", "email_address", "marital_status", "hashed_password") VALUES (:first_name:, :last_name:, :gender:, :date_of_birth:, :email_address:, :marital_status:, :hashed_password:)', [...], false)
 3 APPPATH\Controllers\Validation.php(61): CodeIgniter\Database\BaseBuilder->insert([...])
 4 SYSTEMPATH\CodeIgniter.php(951): App\Controllers\Validation->index()
 5 SYSTEMPATH\CodeIgniter.php(497): CodeIgniter\CodeIgniter->runController(Object(App\Controllers\Validation))
 6 SYSTEMPATH\CodeIgniter.php(340): CodeIgniter\CodeIgniter->handleRequest(null, Object(Config\Cache), false)
 7 SYSTEMPATH\Boot.php(417): CodeIgniter\CodeIgniter->run()
 8 SYSTEMPATH\Boot.php(68): CodeIgniter\Boot::runCodeIgniter(Object(CodeIgniter\CodeIgniter))
 9 FCPATH\index.php(59): CodeIgniter\Boot::bootWeb(Object(Config\Paths))
10 SYSTEMPATH\rewrite.php(44): require_once('D:\\PHP projects\\Code-on-fire\\public\\index.php')
ERROR - 2026-03-11 13:20:36 --> Error connecting to the database: CodeIgniter\Database\Exceptions\DatabaseException: ERROR:  invalid value for parameter "client_encoding": "utf8mb4" in D:\PHP projects\Code-on-fire\vendor\codeigniter4\framework\system\Database\Postgre\Connection.php:98
Stack trace:
#0 D:\PHP projects\Code-on-fire\vendor\codeigniter4\framework\system\Database\BaseConnection.php(419): CodeIgniter\Database\Postgre\Connection->connect(false)
#1 D:\PHP projects\Code-on-fire\vendor\codeigniter4\framework\system\Database\BaseConnection.php(654): CodeIgniter\Database\BaseConnection->initialize()
#2 D:\PHP projects\Code-on-fire\vendor\codeigniter4\framework\system\Database\BaseBuilder.php(2345): CodeIgniter\Database\BaseConnection->query('INSERT INTO "ap...', Array, false)
#3 D:\PHP projects\Code-on-fire\app\Controllers\Validation.php(61): CodeIgniter\Database\BaseBuilder->insert(Array)
#4 D:\PHP projects\Code-on-fire\vendor\codeigniter4\framework\system\CodeIgniter.php(951): App\Controllers\Validation->index()
#5 D:\PHP projects\Code-on-fire\vendor\codeigniter4\framework\system\CodeIgniter.php(497): CodeIgniter\CodeIgniter->runController(Object(App\Controllers\Validation))
#6 D:\PHP projects\Code-on-fire\vendor\codeigniter4\framework\system\CodeIgniter.php(340): CodeIgniter\CodeIgniter->handleRequest(NULL, Object(Config\Cache), false)
#7 D:\PHP projects\Code-on-fire\vendor\codeigniter4\framework\system\Boot.php(417): CodeIgniter\CodeIgniter->run()
#8 D:\PHP projects\Code-on-fire\vendor\codeigniter4\framework\system\Boot.php(68): CodeIgniter\Boot::runCodeIgniter(Object(CodeIgniter\CodeIgniter))
#9 D:\PHP projects\Code-on-fire\public\index.php(59): CodeIgniter\Boot::bootWeb(Object(Config\Paths))
#10 D:\PHP projects\Code-on-fire\vendor\codeigniter4\framework\system\rewrite.php(44): require_once('D:\\PHP projects...')
#11 {main}
CRITICAL - 2026-03-11 13:20:36 --> CodeIgniter\Database\Exceptions\DatabaseException: Unable to connect to the database.
Main connection [Postgre]: ERROR:  invalid value for parameter "client_encoding": "utf8mb4"
[Method: POST, Route: welcome/user]
in SYSTEMPATH\Database\BaseConnection.php on line 465.
 1 SYSTEMPATH\Database\BaseConnection.php(654): CodeIgniter\Database\BaseConnection->initialize()
 2 SYSTEMPATH\Database\BaseBuilder.php(2345): CodeIgniter\Database\BaseConnection->query('INSERT INTO "app_user" ("first_name", "last_name", "gender", "date_of_birth", "email_address", "marital_status", "hashed_password") VALUES (:first_name:, :last_name:, :gender:, :date_of_birth:, :email_address:, :marital_status:, :hashed_password:)', [...], false)
 3 APPPATH\Controllers\Validation.php(61): CodeIgniter\Database\BaseBuilder->insert([...])
 4 SYSTEMPATH\CodeIgniter.php(951): App\Controllers\Validation->index()
 5 SYSTEMPATH\CodeIgniter.php(497): CodeIgniter\CodeIgniter->runController(Object(App\Controllers\Validation))
 6 SYSTEMPATH\CodeIgniter.php(340): CodeIgniter\CodeIgniter->handleRequest(null, Object(Config\Cache), false)
 7 SYSTEMPATH\Boot.php(417): CodeIgniter\CodeIgniter->run()
 8 SYSTEMPATH\Boot.php(68): CodeIgniter\Boot::runCodeIgniter(Object(CodeIgniter\CodeIgniter))
 9 FCPATH\index.php(59): CodeIgniter\Boot::bootWeb(Object(Config\Paths))
10 SYSTEMPATH\rewrite.php(44): require_once('D:\\PHP projects\\Code-on-fire\\public\\index.php')
ERROR - 2026-03-11 13:22:13 --> pg_query(): Query failed: ERROR:  column &quot;hashed_password&quot; of relation &quot;app_user&quot; does not exist
LINE 1: ...ate_of_birth&quot;, &quot;email_address&quot;, &quot;marital_status&quot;, &quot;hashed_pa...
                                                             ^
in SYSTEMPATH\Database\Postgre\Connection.php on line 200.
 1 SYSTEMPATH\Database\BaseConnection.php(769): CodeIgniter\Database\Postgre\Connection->execute('INSERT INTO "app_user" ("first_name", "last_name", "gender", "date_of_birth", "email_address", "marital_status", "hashed_password") VALUES (\'Andrew\', \'Jones\', \'m\', \'2005-05-21\', \'princeajsa@gmail.com\', NULL, \'$2y$10$oLuTEsfbRH7F3w2eSDxWpu0jlU5YjeHsBL/q1TF8MWjtGJEnpFPH6\')')
 2 SYSTEMPATH\Database\BaseConnection.php(686): CodeIgniter\Database\BaseConnection->simpleQuery('INSERT INTO "app_user" ("first_name", "last_name", "gender", "date_of_birth", "email_address", "marital_status", "hashed_password") VALUES (\'Andrew\', \'Jones\', \'m\', \'2005-05-21\', \'princeajsa@gmail.com\', NULL, \'$2y$10$oLuTEsfbRH7F3w2eSDxWpu0jlU5YjeHsBL/q1TF8MWjtGJEnpFPH6\')')
 3 SYSTEMPATH\Database\BaseBuilder.php(2345): CodeIgniter\Database\BaseConnection->query('INSERT INTO "app_user" ("first_name", "last_name", "gender", "date_of_birth", "email_address", "marital_status", "hashed_password") VALUES (:first_name:, :last_name:, :gender:, :date_of_birth:, :email_address:, :marital_status:, :hashed_password:)', [...], false)
 4 APPPATH\Controllers\Validation.php(61): CodeIgniter\Database\BaseBuilder->insert([...])
 5 SYSTEMPATH\CodeIgniter.php(951): App\Controllers\Validation->index()
 6 SYSTEMPATH\CodeIgniter.php(497): CodeIgniter\CodeIgniter->runController(Object(App\Controllers\Validation))
 7 SYSTEMPATH\CodeIgniter.php(340): CodeIgniter\CodeIgniter->handleRequest(null, Object(Config\Cache), false)
 8 SYSTEMPATH\Boot.php(417): CodeIgniter\CodeIgniter->run()
 9 SYSTEMPATH\Boot.php(68): CodeIgniter\Boot::runCodeIgniter(Object(CodeIgniter\CodeIgniter))
10 FCPATH\index.php(59): CodeIgniter\Boot::bootWeb(Object(Config\Paths))
11 SYSTEMPATH\rewrite.php(44): require_once('D:\\PHP projects\\Code-on-fire\\public\\index.php')
CRITICAL - 2026-03-11 13:22:13 --> CodeIgniter\Database\Exceptions\DatabaseException: pg_query(): Query failed: ERROR:  column &quot;hashed_password&quot; of relation &quot;app_user&quot; does not exist
LINE 1: ...ate_of_birth&quot;, &quot;email_address&quot;, &quot;marital_status&quot;, &quot;hashed_pa...
                                                             ^
[Method: POST, Route: welcome/user]
in SYSTEMPATH\Database\BaseConnection.php on line 724.
 1 SYSTEMPATH\Database\BaseBuilder.php(2345): CodeIgniter\Database\BaseConnection->query('INSERT INTO "app_user" ("first_name", "last_name", "gender", "date_of_birth", "email_address", "marital_status", "hashed_password") VALUES (:first_name:, :last_name:, :gender:, :date_of_birth:, :email_address:, :marital_status:, :hashed_password:)', [...], false)
 2 APPPATH\Controllers\Validation.php(61): CodeIgniter\Database\BaseBuilder->insert([...])
 3 SYSTEMPATH\CodeIgniter.php(951): App\Controllers\Validation->index()
 4 SYSTEMPATH\CodeIgniter.php(497): CodeIgniter\CodeIgniter->runController(Object(App\Controllers\Validation))
 5 SYSTEMPATH\CodeIgniter.php(340): CodeIgniter\CodeIgniter->handleRequest(null, Object(Config\Cache), false)
 6 SYSTEMPATH\Boot.php(417): CodeIgniter\CodeIgniter->run()
 7 SYSTEMPATH\Boot.php(68): CodeIgniter\Boot::runCodeIgniter(Object(CodeIgniter\CodeIgniter))
 8 FCPATH\index.php(59): CodeIgniter\Boot::bootWeb(Object(Config\Paths))
 9 SYSTEMPATH\rewrite.php(44): require_once('D:\\PHP projects\\Code-on-fire\\public\\index.php')
CRITICAL - 2026-03-11 13:22:13 --> [Caused by] CodeIgniter\Database\Exceptions\DatabaseException: pg_query(): Query failed: ERROR:  column &quot;hashed_password&quot; of relation &quot;app_user&quot; does not exist
LINE 1: ...ate_of_birth&quot;, &quot;email_address&quot;, &quot;marital_status&quot;, &quot;hashed_pa...
                                                             ^
in SYSTEMPATH\Database\Postgre\Connection.php on line 212.
 1 SYSTEMPATH\Database\BaseConnection.php(769): CodeIgniter\Database\Postgre\Connection->execute('INSERT INTO "app_user" ("first_name", "last_name", "gender", "date_of_birth", "email_address", "marital_status", "hashed_password") VALUES (\'Andrew\', \'Jones\', \'m\', \'2005-05-21\', \'princeajsa@gmail.com\', NULL, \'$2y$10$oLuTEsfbRH7F3w2eSDxWpu0jlU5YjeHsBL/q1TF8MWjtGJEnpFPH6\')')
 2 SYSTEMPATH\Database\BaseConnection.php(686): CodeIgniter\Database\BaseConnection->simpleQuery('INSERT INTO "app_user" ("first_name", "last_name", "gender", "date_of_birth", "email_address", "marital_status", "hashed_password") VALUES (\'Andrew\', \'Jones\', \'m\', \'2005-05-21\', \'princeajsa@gmail.com\', NULL, \'$2y$10$oLuTEsfbRH7F3w2eSDxWpu0jlU5YjeHsBL/q1TF8MWjtGJEnpFPH6\')')
 3 SYSTEMPATH\Database\BaseBuilder.php(2345): CodeIgniter\Database\BaseConnection->query('INSERT INTO "app_user" ("first_name", "last_name", "gender", "date_of_birth", "email_address", "marital_status", "hashed_password") VALUES (:first_name:, :last_name:, :gender:, :date_of_birth:, :email_address:, :marital_status:, :hashed_password:)', [...], false)
 4 APPPATH\Controllers\Validation.php(61): CodeIgniter\Database\BaseBuilder->insert([...])
 5 SYSTEMPATH\CodeIgniter.php(951): App\Controllers\Validation->index()
 6 SYSTEMPATH\CodeIgniter.php(497): CodeIgniter\CodeIgniter->runController(Object(App\Controllers\Validation))
 7 SYSTEMPATH\CodeIgniter.php(340): CodeIgniter\CodeIgniter->handleRequest(null, Object(Config\Cache), false)
 8 SYSTEMPATH\Boot.php(417): CodeIgniter\CodeIgniter->run()
 9 SYSTEMPATH\Boot.php(68): CodeIgniter\Boot::runCodeIgniter(Object(CodeIgniter\CodeIgniter))
10 FCPATH\index.php(59): CodeIgniter\Boot::bootWeb(Object(Config\Paths))
11 SYSTEMPATH\rewrite.php(44): require_once('D:\\PHP projects\\Code-on-fire\\public\\index.php')
CRITICAL - 2026-03-11 13:22:13 --> [Caused by] ErrorException: pg_query(): Query failed: ERROR:  column &quot;hashed_password&quot; of relation &quot;app_user&quot; does not exist
LINE 1: ...ate_of_birth&quot;, &quot;email_address&quot;, &quot;marital_status&quot;, &quot;hashed_pa...
                                                             ^
in SYSTEMPATH\Database\Postgre\Connection.php on line 200.
 1 [internal function]: CodeIgniter\Debug\Exceptions->errorHandler(2, 'pg_query(): Query failed: ERROR:  column &quot;hashed_password&quot; of relation &quot;app_user&quot; does not exist
LINE 1: ...ate_of_birth&quot;, &quot;email_address&quot;, &quot;marital_status&quot;, &quot;hashed_pa...
                                                             ^', 'D:\\PHP projects\\Code-on-fire\\vendor\\codeigniter4\\framework\\system\\Database\\Postgre\\Connection.php', 200)
 2 SYSTEMPATH\Database\Postgre\Connection.php(200): pg_query(Object(PgSql\Connection), 'INSERT INTO "app_user" ("first_name", "last_name", "gender", "date_of_birth", "email_address", "marital_status", "hashed_password") VALUES (\'Andrew\', \'Jones\', \'m\', \'2005-05-21\', \'princeajsa@gmail.com\', NULL, \'$2y$10$oLuTEsfbRH7F3w2eSDxWpu0jlU5YjeHsBL/q1TF8MWjtGJEnpFPH6\')')
 3 SYSTEMPATH\Database\BaseConnection.php(769): CodeIgniter\Database\Postgre\Connection->execute('INSERT INTO "app_user" ("first_name", "last_name", "gender", "date_of_birth", "email_address", "marital_status", "hashed_password") VALUES (\'Andrew\', \'Jones\', \'m\', \'2005-05-21\', \'princeajsa@gmail.com\', NULL, \'$2y$10$oLuTEsfbRH7F3w2eSDxWpu0jlU5YjeHsBL/q1TF8MWjtGJEnpFPH6\')')
 4 SYSTEMPATH\Database\BaseConnection.php(686): CodeIgniter\Database\BaseConnection->simpleQuery('INSERT INTO "app_user" ("first_name", "last_name", "gender", "date_of_birth", "email_address", "marital_status", "hashed_password") VALUES (\'Andrew\', \'Jones\', \'m\', \'2005-05-21\', \'princeajsa@gmail.com\', NULL, \'$2y$10$oLuTEsfbRH7F3w2eSDxWpu0jlU5YjeHsBL/q1TF8MWjtGJEnpFPH6\')')
 5 SYSTEMPATH\Database\BaseBuilder.php(2345): CodeIgniter\Database\BaseConnection->query('INSERT INTO "app_user" ("first_name", "last_name", "gender", "date_of_birth", "email_address", "marital_status", "hashed_password") VALUES (:first_name:, :last_name:, :gender:, :date_of_birth:, :email_address:, :marital_status:, :hashed_password:)', [...], false)
 6 APPPATH\Controllers\Validation.php(61): CodeIgniter\Database\BaseBuilder->insert([...])
 7 SYSTEMPATH\CodeIgniter.php(951): App\Controllers\Validation->index()
 8 SYSTEMPATH\CodeIgniter.php(497): CodeIgniter\CodeIgniter->runController(Object(App\Controllers\Validation))
 9 SYSTEMPATH\CodeIgniter.php(340): CodeIgniter\CodeIgniter->handleRequest(null, Object(Config\Cache), false)
10 SYSTEMPATH\Boot.php(417): CodeIgniter\CodeIgniter->run()
11 SYSTEMPATH\Boot.php(68): CodeIgniter\Boot::runCodeIgniter(Object(CodeIgniter\CodeIgniter))
12 FCPATH\index.php(59): CodeIgniter\Boot::bootWeb(Object(Config\Paths))
13 SYSTEMPATH\rewrite.php(44): require_once('D:\\PHP projects\\Code-on-fire\\public\\index.php')
