ERROR - 2026-03-13 10:09:24 --> pg_query(): Query failed: ERROR:  relation &quot;app_name&quot; does not exist
LINE 2: FROM &quot;app_name&quot;
             ^
in SYSTEMPATH\Database\Postgre\Connection.php on line 200.
 1 SYSTEMPATH\Database\BaseConnection.php(769): CodeIgniter\Database\Postgre\Connection->execute('SELECT "first_name", "last_name", "hashedpassword"
FROM "app_name"
WHERE "email_address" = \'princeajsa@gmail.com\'')
 2 SYSTEMPATH\Database\BaseConnection.php(686): CodeIgniter\Database\BaseConnection->simpleQuery('SELECT "first_name", "last_name", "hashedpassword"
FROM "app_name"
WHERE "email_address" = \'princeajsa@gmail.com\'')
 3 SYSTEMPATH\Database\BaseBuilder.php(1649): CodeIgniter\Database\BaseConnection->query('SELECT "first_name", "last_name", "hashedpassword"
FROM "app_name"
WHERE "email_address" = :email_address:', [...], false)
 4 APPPATH\Controllers\Validation.php(91): CodeIgniter\Database\BaseBuilder->get()
 5 SYSTEMPATH\CodeIgniter.php(951): App\Controllers\Validation->signIn()
 6 SYSTEMPATH\CodeIgniter.php(497): CodeIgniter\CodeIgniter->runController(Object(App\Controllers\Validation))
 7 SYSTEMPATH\CodeIgniter.php(340): CodeIgniter\CodeIgniter->handleRequest(null, Object(Config\Cache), false)
 8 SYSTEMPATH\Boot.php(417): CodeIgniter\CodeIgniter->run()
 9 SYSTEMPATH\Boot.php(68): CodeIgniter\Boot::runCodeIgniter(Object(CodeIgniter\CodeIgniter))
10 FCPATH\index.php(59): CodeIgniter\Boot::bootWeb(Object(Config\Paths))
11 SYSTEMPATH\rewrite.php(44): require_once('D:\\PHP projects\\Code-on-fire\\public\\index.php')
CRITICAL - 2026-03-13 10:09:24 --> CodeIgniter\Database\Exceptions\DatabaseException: pg_query(): Query failed: ERROR:  relation &quot;app_name&quot; does not exist
LINE 2: FROM &quot;app_name&quot;
             ^
[Method: POST, Route: login]
in SYSTEMPATH\Database\BaseConnection.php on line 724.
 1 SYSTEMPATH\Database\BaseBuilder.php(1649): CodeIgniter\Database\BaseConnection->query('SELECT "first_name", "last_name", "hashedpassword"
FROM "app_name"
WHERE "email_address" = :email_address:', [...], false)
 2 APPPATH\Controllers\Validation.php(91): CodeIgniter\Database\BaseBuilder->get()
 3 SYSTEMPATH\CodeIgniter.php(951): App\Controllers\Validation->signIn()
 4 SYSTEMPATH\CodeIgniter.php(497): CodeIgniter\CodeIgniter->runController(Object(App\Controllers\Validation))
 5 SYSTEMPATH\CodeIgniter.php(340): CodeIgniter\CodeIgniter->handleRequest(null, Object(Config\Cache), false)
 6 SYSTEMPATH\Boot.php(417): CodeIgniter\CodeIgniter->run()
 7 SYSTEMPATH\Boot.php(68): CodeIgniter\Boot::runCodeIgniter(Object(CodeIgniter\CodeIgniter))
 8 FCPATH\index.php(59): CodeIgniter\Boot::bootWeb(Object(Config\Paths))
 9 SYSTEMPATH\rewrite.php(44): require_once('D:\\PHP projects\\Code-on-fire\\public\\index.php')
CRITICAL - 2026-03-13 10:09:24 --> [Caused by] CodeIgniter\Database\Exceptions\DatabaseException: pg_query(): Query failed: ERROR:  relation &quot;app_name&quot; does not exist
LINE 2: FROM &quot;app_name&quot;
             ^
in SYSTEMPATH\Database\Postgre\Connection.php on line 212.
 1 SYSTEMPATH\Database\BaseConnection.php(769): CodeIgniter\Database\Postgre\Connection->execute('SELECT "first_name", "last_name", "hashedpassword"
FROM "app_name"
WHERE "email_address" = \'princeajsa@gmail.com\'')
 2 SYSTEMPATH\Database\BaseConnection.php(686): CodeIgniter\Database\BaseConnection->simpleQuery('SELECT "first_name", "last_name", "hashedpassword"
FROM "app_name"
WHERE "email_address" = \'princeajsa@gmail.com\'')
 3 SYSTEMPATH\Database\BaseBuilder.php(1649): CodeIgniter\Database\BaseConnection->query('SELECT "first_name", "last_name", "hashedpassword"
FROM "app_name"
WHERE "email_address" = :email_address:', [...], false)
 4 APPPATH\Controllers\Validation.php(91): CodeIgniter\Database\BaseBuilder->get()
 5 SYSTEMPATH\CodeIgniter.php(951): App\Controllers\Validation->signIn()
 6 SYSTEMPATH\CodeIgniter.php(497): CodeIgniter\CodeIgniter->runController(Object(App\Controllers\Validation))
 7 SYSTEMPATH\CodeIgniter.php(340): CodeIgniter\CodeIgniter->handleRequest(null, Object(Config\Cache), false)
 8 SYSTEMPATH\Boot.php(417): CodeIgniter\CodeIgniter->run()
 9 SYSTEMPATH\Boot.php(68): CodeIgniter\Boot::runCodeIgniter(Object(CodeIgniter\CodeIgniter))
10 FCPATH\index.php(59): CodeIgniter\Boot::bootWeb(Object(Config\Paths))
11 SYSTEMPATH\rewrite.php(44): require_once('D:\\PHP projects\\Code-on-fire\\public\\index.php')
CRITICAL - 2026-03-13 10:09:24 --> [Caused by] ErrorException: pg_query(): Query failed: ERROR:  relation &quot;app_name&quot; does not exist
LINE 2: FROM &quot;app_name&quot;
             ^
in SYSTEMPATH\Database\Postgre\Connection.php on line 200.
 1 [internal function]: CodeIgniter\Debug\Exceptions->errorHandler(2, 'pg_query(): Query failed: ERROR:  relation &quot;app_name&quot; does not exist
LINE 2: FROM &quot;app_name&quot;
             ^', 'D:\\PHP projects\\Code-on-fire\\vendor\\codeigniter4\\framework\\system\\Database\\Postgre\\Connection.php', 200)
 2 SYSTEMPATH\Database\Postgre\Connection.php(200): pg_query(Object(PgSql\Connection), 'SELECT "first_name", "last_name", "hashedpassword"
FROM "app_name"
WHERE "email_address" = \'princeajsa@gmail.com\'')
 3 SYSTEMPATH\Database\BaseConnection.php(769): CodeIgniter\Database\Postgre\Connection->execute('SELECT "first_name", "last_name", "hashedpassword"
FROM "app_name"
WHERE "email_address" = \'princeajsa@gmail.com\'')
 4 SYSTEMPATH\Database\BaseConnection.php(686): CodeIgniter\Database\BaseConnection->simpleQuery('SELECT "first_name", "last_name", "hashedpassword"
FROM "app_name"
WHERE "email_address" = \'princeajsa@gmail.com\'')
 5 SYSTEMPATH\Database\BaseBuilder.php(1649): CodeIgniter\Database\BaseConnection->query('SELECT "first_name", "last_name", "hashedpassword"
FROM "app_name"
WHERE "email_address" = :email_address:', [...], false)
 6 APPPATH\Controllers\Validation.php(91): CodeIgniter\Database\BaseBuilder->get()
 7 SYSTEMPATH\CodeIgniter.php(951): App\Controllers\Validation->signIn()
 8 SYSTEMPATH\CodeIgniter.php(497): CodeIgniter\CodeIgniter->runController(Object(App\Controllers\Validation))
 9 SYSTEMPATH\CodeIgniter.php(340): CodeIgniter\CodeIgniter->handleRequest(null, Object(Config\Cache), false)
10 SYSTEMPATH\Boot.php(417): CodeIgniter\CodeIgniter->run()
11 SYSTEMPATH\Boot.php(68): CodeIgniter\Boot::runCodeIgniter(Object(CodeIgniter\CodeIgniter))
12 FCPATH\index.php(59): CodeIgniter\Boot::bootWeb(Object(Config\Paths))
13 SYSTEMPATH\rewrite.php(44): require_once('D:\\PHP projects\\Code-on-fire\\public\\index.php')
CRITICAL - 2026-03-13 10:10:19 --> Error: Cannot use object of type stdClass as array
[Method: POST, Route: login]
in APPPATH\Controllers\Validation.php on line 94.
 1 SYSTEMPATH\CodeIgniter.php(951): App\Controllers\Validation->signIn()
 2 SYSTEMPATH\CodeIgniter.php(497): CodeIgniter\CodeIgniter->runController(Object(App\Controllers\Validation))
 3 SYSTEMPATH\CodeIgniter.php(340): CodeIgniter\CodeIgniter->handleRequest(null, Object(Config\Cache), false)
 4 SYSTEMPATH\Boot.php(417): CodeIgniter\CodeIgniter->run()
 5 SYSTEMPATH\Boot.php(68): CodeIgniter\Boot::runCodeIgniter(Object(CodeIgniter\CodeIgniter))
 6 FCPATH\index.php(59): CodeIgniter\Boot::bootWeb(Object(Config\Paths))
 7 SYSTEMPATH\rewrite.php(44): require_once('D:\\PHP projects\\Code-on-fire\\public\\index.php')
CRITICAL - 2026-03-13 10:29:31 --> CodeIgniter\HTTP\Exceptions\HTTPException: The route for "siginin" cannot be found.
[Method: POST, Route: login]
in SYSTEMPATH\HTTP\RedirectResponse.php on line 63.
 1 SYSTEMPATH\HTTP\RedirectResponse.php(63): CodeIgniter\HTTP\Exceptions\HTTPException::forInvalidRedirectRoute('siginin')
 2 SYSTEMPATH\Common.php(883): CodeIgniter\HTTP\RedirectResponse->route(false)
 3 APPPATH\Controllers\Validation.php(103): redirect('siginin')
 4 SYSTEMPATH\CodeIgniter.php(951): App\Controllers\Validation->signIn()
 5 SYSTEMPATH\CodeIgniter.php(497): CodeIgniter\CodeIgniter->runController(Object(App\Controllers\Validation))
 6 SYSTEMPATH\CodeIgniter.php(340): CodeIgniter\CodeIgniter->handleRequest(null, Object(Config\Cache), false)
 7 SYSTEMPATH\Boot.php(417): CodeIgniter\CodeIgniter->run()
 8 SYSTEMPATH\Boot.php(68): CodeIgniter\Boot::runCodeIgniter(Object(CodeIgniter\CodeIgniter))
 9 FCPATH\index.php(59): CodeIgniter\Boot::bootWeb(Object(Config\Paths))
10 SYSTEMPATH\rewrite.php(44): require_once('D:\\PHP projects\\Code-on-fire\\public\\index.php')
