CRITICAL - 2026-03-05 13:15:54 --> CodeIgniter\Validation\Exceptions\ValidationException: "min_value" is not a valid rule.
[Method: POST, Route: welcome/user]
in SYSTEMPATH\Validation\Validation.php on line 345.
 1 SYSTEMPATH\Validation\Validation.php(345): CodeIgniter\Validation\Exceptions\ValidationException::forRuleNotFound('min_value')
 2 SYSTEMPATH\Validation\Validation.php(201): CodeIgniter\Validation\Validation->processRules('dob', 'dob', '21', [...], [...], 'dob')
 3 SYSTEMPATH\Controller.php(136): CodeIgniter\Validation\Validation->run()
 4 APPPATH\Controllers\Validation.php(25): CodeIgniter\Controller->validate([...])
 5 SYSTEMPATH\CodeIgniter.php(951): App\Controllers\Validation->index()
 6 SYSTEMPATH\CodeIgniter.php(497): CodeIgniter\CodeIgniter->runController(Object(App\Controllers\Validation))
 7 SYSTEMPATH\CodeIgniter.php(340): CodeIgniter\CodeIgniter->handleRequest(null, Object(Config\Cache), false)
 8 SYSTEMPATH\Boot.php(417): CodeIgniter\CodeIgniter->run()
 9 SYSTEMPATH\Boot.php(68): CodeIgniter\Boot::runCodeIgniter(Object(CodeIgniter\CodeIgniter))
10 FCPATH\index.php(59): CodeIgniter\Boot::bootWeb(Object(Config\Paths))
11 SYSTEMPATH\rewrite.php(44): require_once('D:\\PHP projects\\Code-on-fire\\public\\index.php')
CRITICAL - 2026-03-05 13:27:58 --> Error: Call to a member function getErrors() on null
[Method: POST, Route: welcome/user]
in APPPATH\Views\homepage.php on line 44.
 1 SYSTEMPATH\View\View.php(238): include()
 2 SYSTEMPATH\View\View.php(241): CodeIgniter\View\View->CodeIgniter\View\{closure}()
 3 SYSTEMPATH\Common.php(1250): CodeIgniter\View\View->render('homepage', [], true)
 4 APPPATH\Controllers\Validation.php(30): view('homepage', [...])
 5 SYSTEMPATH\CodeIgniter.php(951): App\Controllers\Validation->index()
 6 SYSTEMPATH\CodeIgniter.php(497): CodeIgniter\CodeIgniter->runController(Object(App\Controllers\Validation))
 7 SYSTEMPATH\CodeIgniter.php(340): CodeIgniter\CodeIgniter->handleRequest(null, Object(Config\Cache), false)
 8 SYSTEMPATH\Boot.php(417): CodeIgniter\CodeIgniter->run()
 9 SYSTEMPATH\Boot.php(68): CodeIgniter\Boot::runCodeIgniter(Object(CodeIgniter\CodeIgniter))
10 FCPATH\index.php(59): CodeIgniter\Boot::bootWeb(Object(Config\Paths))
11 SYSTEMPATH\rewrite.php(44): require_once('D:\\PHP projects\\Code-on-fire\\public\\index.php')
CRITICAL - 2026-03-05 13:37:42 --> ParseError: Unclosed '{' on line 14
[Method: GET, Route: /]
in APPPATH\Views\homepage.php on line 101.
 1 SYSTEMPATH\View\View.php(241): CodeIgniter\View\View->CodeIgniter\View\{closure}()
 2 SYSTEMPATH\Common.php(1250): CodeIgniter\View\View->render('homepage', [], true)
 3 APPPATH\Controllers\FormPage.php(9): view('homepage')
 4 SYSTEMPATH\CodeIgniter.php(951): App\Controllers\FormPage->index()
 5 SYSTEMPATH\CodeIgniter.php(497): CodeIgniter\CodeIgniter->runController(Object(App\Controllers\FormPage))
 6 SYSTEMPATH\CodeIgniter.php(340): CodeIgniter\CodeIgniter->handleRequest(null, Object(Config\Cache), false)
 7 SYSTEMPATH\Boot.php(417): CodeIgniter\CodeIgniter->run()
 8 SYSTEMPATH\Boot.php(68): CodeIgniter\Boot::runCodeIgniter(Object(CodeIgniter\CodeIgniter))
 9 FCPATH\index.php(59): CodeIgniter\Boot::bootWeb(Object(Config\Paths))
10 SYSTEMPATH\rewrite.php(44): require_once('D:\\PHP projects\\Code-on-fire\\public\\index.php')
CRITICAL - 2026-03-05 13:55:03 --> ParseError: syntax error, unexpected token ";"
[Method: POST, Route: welcome/user]
in APPPATH\Views\home.php on line 6.
 1 SYSTEMPATH\View\View.php(241): CodeIgniter\View\View->CodeIgniter\View\{closure}()
 2 SYSTEMPATH\Common.php(1250): CodeIgniter\View\View->render('home', [], true)
 3 APPPATH\Controllers\Validation.php(26): view('home', [...])
 4 SYSTEMPATH\CodeIgniter.php(951): App\Controllers\Validation->index()
 5 SYSTEMPATH\CodeIgniter.php(497): CodeIgniter\CodeIgniter->runController(Object(App\Controllers\Validation))
 6 SYSTEMPATH\CodeIgniter.php(340): CodeIgniter\CodeIgniter->handleRequest(null, Object(Config\Cache), false)
 7 SYSTEMPATH\Boot.php(417): CodeIgniter\CodeIgniter->run()
 8 SYSTEMPATH\Boot.php(68): CodeIgniter\Boot::runCodeIgniter(Object(CodeIgniter\CodeIgniter))
 9 FCPATH\index.php(59): CodeIgniter\Boot::bootWeb(Object(Config\Paths))
10 SYSTEMPATH\rewrite.php(44): require_once('D:\\PHP projects\\Code-on-fire\\public\\index.php')
